#
# There is insufficient memory for the Java Runtime Environment to continue.
# Native memory allocation (mmap) failed to map 1048576 bytes for Failed to commit area from 0x00000000d2900000 to 0x00000000d2a00000 of length 1048576.
# Possible reasons:
#   The system is out of physical RAM or swap space
#   In 32 bit mode, the process size limit was hit
# Possible solutions:
#   Reduce memory load on the system
#   Increase physical memory or swap space
#   Check if swap backing store is full
#   Use 64 bit Java on a 64 bit OS
#   Decrease Java heap size (-Xmx/-Xms)
#   Decrease number of Java threads
#   Decrease Java thread stack sizes (-Xss)
#   Set larger code cache with -XX:ReservedCodeCacheSize=
# This output file may be truncated or incomplete.
#
#  Out of Memory Error (os_windows.cpp:3331), pid=2300, tid=0x000000000000280c
#
# JRE version: OpenJDK Runtime Environment (8.0) (build 1.8.0-adoptopenjdk-_2018_05_19_00_59-b00)
# Java VM: OpenJDK 64-Bit Server VM (25.71-b00 mixed mode windows-amd64 compressed oops)
# Failed to write core dump. Minidumps are not enabled by default on client versions of Windows
#

---------------  T H R E A D  ---------------

Current thread (0x000000001985e800):  VMThread [stack: 0x000000001a780000,0x000000001a880000] [id=10252]

Stack: [0x000000001a780000,0x000000001a880000]
[error occurred during error reporting (printing stack bounds), id 0xc0000005]

Native frames: (J=compiled Java code, j=interpreted, Vv=VM code, C=native code)

VM_Operation (0x000000001da6eee0): G1IncCollectionPause, mode: safepoint, requested by thread 0x000000001b614000


---------------  P R O C E S S  ---------------

Java Threads: ( => current thread )
  0x0000000021403800 JavaThread "Framework stop" [_thread_blocked, id=72344, stack(0x00000000268a0000,0x00000000269a0000)]
  0x000000001c9b2000 JavaThread "pool-1-thread-1" [_thread_in_native, id=22248, stack(0x00000000217a0000,0x00000000218a0000)]
  0x000000001c9b6000 JavaThread "pool-2-thread-1" [_thread_blocked, id=6492, stack(0x00000000204d0000,0x00000000205d0000)]
  0x000000001b614000 JavaThread "Refresh Thread: Equinox Container: f01f0a97-be02-47c4-aef2-5157911c1942" daemon [_thread_blocked, id=6704, stack(0x000000001d970000,0x000000001da70000)]
  0x000000001b5ae800 JavaThread "Start Level: Equinox Container: f01f0a97-be02-47c4-aef2-5157911c1942" daemon [_thread_blocked, id=11928, stack(0x000000001d870000,0x000000001d970000)]
  0x000000001a5b0800 JavaThread "Service Thread" daemon [_thread_blocked, id=884, stack(0x000000001b270000,0x000000001b370000)]
  0x000000001a53b800 JavaThread "C1 CompilerThread2" daemon [_thread_blocked, id=9244, stack(0x000000001b170000,0x000000001b270000)]
  0x000000001a53b000 JavaThread "C2 CompilerThread1" daemon [_thread_blocked, id=6156, stack(0x000000001b070000,0x000000001b170000)]
  0x000000001a53a000 JavaThread "C2 CompilerThread0" daemon [_thread_blocked, id=13048, stack(0x000000001af70000,0x000000001b070000)]
  0x000000001a539800 JavaThread "Attach Listener" daemon [_thread_blocked, id=21340, stack(0x000000001ae70000,0x000000001af70000)]
  0x000000001a533800 JavaThread "Signal Dispatcher" daemon [_thread_blocked, id=20972, stack(0x000000001ad70000,0x000000001ae70000)]
  0x000000001a531800 JavaThread "Surrogate Locker Thread (Concurrent GC)" daemon [_thread_blocked, id=16512, stack(0x000000001ac70000,0x000000001ad70000)]
  0x000000001a4c9800 JavaThread "Finalizer" daemon [_thread_blocked, id=23224, stack(0x000000001a980000,0x000000001aa80000)]
  0x000000001a4c2800 JavaThread "Reference Handler" daemon [_thread_blocked, id=23476, stack(0x000000001a880000,0x000000001a980000)]
  0x0000000002e6e800 JavaThread "main" [_thread_blocked, id=11712, stack(0x0000000004740000,0x0000000004840000)]

Other Threads:
=>0x000000001985e800 VMThread [stack: 0x000000001a780000,0x000000001a880000] [id=10252]
  0x000000001a5bf800 WatcherThread [stack: 0x000000001b370000,0x000000001b470000] [id=8136]

VM state:at safepoint (normal execution)

VM Mutex/Monitor currently owned by a thread:  ([mutex/lock_event])
[0x0000000004840ed0] FreeList_lock - owner thread: 0x000000001985e800
[0x00000000048421e0] Threads_lock - owner thread: 0x000000001985e800
[0x0000000004842260] Heap_lock - owner thread: 0x000000001b614000

Heap:
 garbage-first heap   total 305152K, used 238592K [0x00000000c0000000, 0x00000000c0100950, 0x0000000100000000)
  region size 1024K, 122 young (124928K), 2 survivors (2048K)
 Metaspace       used 41363K, capacity 43644K, committed 44032K, reserved 1087488K
  class space    used 4362K, capacity 5076K, committed 5120K, reserved 1048576K

Heap Regions: (Y=young(eden), SU=young(survivor), HS=humongous(starts), HC=humongous(continues), CS=collection set, F=free, TS=gc time stamp, PTAMS=previous top-at-mark-start, NTAMS=next top-at-mark-start)
AC   0  O    TS     0 PTAMS 0x00000000c0100000 NTAMS 0x00000000c0100000 space 1024K, 100% used [0x00000000c0000000, 0x00000000c0100000)
AC   0  O    TS     0 PTAMS 0x00000000c0200000 NTAMS 0x00000000c0200000 space 1024K, 100% used [0x00000000c0100000, 0x00000000c0200000)
AC   0  O    TS     0 PTAMS 0x00000000c0300000 NTAMS 0x00000000c0300000 space 1024K, 100% used [0x00000000c0200000, 0x00000000c0300000)
AC   0  O    TS     0 PTAMS 0x00000000c0400000 NTAMS 0x00000000c0400000 space 1024K, 100% used [0x00000000c0300000, 0x00000000c0400000)
AC   0  O    TS     0 PTAMS 0x00000000c0500000 NTAMS 0x00000000c0500000 space 1024K, 100% used [0x00000000c0400000, 0x00000000c0500000)
AC   0  O    TS     1 PTAMS 0x00000000c0500000 NTAMS 0x00000000c0500000 space 1024K, 100% used [0x00000000c0500000, 0x00000000c0600000)
AC   0  O    TS     1 PTAMS 0x00000000c0600000 NTAMS 0x00000000c0600000 space 1024K, 100% used [0x00000000c0600000, 0x00000000c0700000)
AC   0  O    TS     1 PTAMS 0x00000000c0700000 NTAMS 0x00000000c0700000 space 1024K, 100% used [0x00000000c0700000, 0x00000000c0800000)
AC   0  O    TS     1 PTAMS 0x00000000c0800000 NTAMS 0x00000000c0800000 space 1024K, 100% used [0x00000000c0800000, 0x00000000c0900000)
AC   0  O    TS     1 PTAMS 0x00000000c0900000 NTAMS 0x00000000c0900000 space 1024K, 100% used [0x00000000c0900000, 0x00000000c0a00000)
AC   0  O    TS     0 PTAMS 0x00000000c0b00000 NTAMS 0x00000000c0b00000 space 1024K, 100% used [0x00000000c0a00000, 0x00000000c0b00000)
AC   0  O    TS     1 PTAMS 0x00000000c0b00000 NTAMS 0x00000000c0b00000 space 1024K, 100% used [0x00000000c0b00000, 0x00000000c0c00000)
AC   0  O    TS     0 PTAMS 0x00000000c0d00000 NTAMS 0x00000000c0d00000 space 1024K, 100% used [0x00000000c0c00000, 0x00000000c0d00000)
AC   0  O    TS     0 PTAMS 0x00000000c0e00000 NTAMS 0x00000000c0e00000 space 1024K, 100% used [0x00000000c0d00000, 0x00000000c0e00000)
AC   0  O    TS     0 PTAMS 0x00000000c0f00000 NTAMS 0x00000000c0f00000 space 1024K, 100% used [0x00000000c0e00000, 0x00000000c0f00000)
AC   0  O    TS     0 PTAMS 0x00000000c1000000 NTAMS 0x00000000c1000000 space 1024K, 100% used [0x00000000c0f00000, 0x00000000c1000000)
AC   0  O    TS     0 PTAMS 0x00000000c1100000 NTAMS 0x00000000c1100000 space 1024K, 100% used [0x00000000c1000000, 0x00000000c1100000)
AC   0  O    TS     0 PTAMS 0x00000000c1200000 NTAMS 0x00000000c1200000 space 1024K, 100% used [0x00000000c1100000, 0x00000000c1200000)
AC   0  O    TS     0 PTAMS 0x00000000c1300000 NTAMS 0x00000000c1300000 space 1024K, 100% used [0x00000000c1200000, 0x00000000c1300000)
AC   0  O    TS     0 PTAMS 0x00000000c1400000 NTAMS 0x00000000c1400000 space 1024K, 100% used [0x00000000c1300000, 0x00000000c1400000)
AC   0  O    TS     0 PTAMS 0x00000000c1500000 NTAMS 0x00000000c1500000 space 1024K, 100% used [0x00000000c1400000, 0x00000000c1500000)
AC   0  O    TS     0 PTAMS 0x00000000c1600000 NTAMS 0x00000000c1600000 space 1024K, 100% used [0x00000000c1500000, 0x00000000c1600000)
AC   0  O    TS     5 PTAMS 0x00000000c1600000 NTAMS 0x00000000c1600000 space 1024K, 100% used [0x00000000c1600000, 0x00000000c1700000)
AC   0  O    TS     0 PTAMS 0x00000000c1800000 NTAMS 0x00000000c1800000 space 1024K, 100% used [0x00000000c1700000, 0x00000000c1800000)
AC   0  O    TS     0 PTAMS 0x00000000c1900000 NTAMS 0x00000000c1900000 space 1024K, 100% used [0x00000000c1800000, 0x00000000c1900000)
AC   0  O    TS     0 PTAMS 0x00000000c1a00000 NTAMS 0x00000000c1a00000 space 1024K, 100% used [0x00000000c1900000, 0x00000000c1a00000)
AC   0  O    TS     0 PTAMS 0x00000000c1b00000 NTAMS 0x00000000c1b00000 space 1024K, 100% used [0x00000000c1a00000, 0x00000000c1b00000)
AC   0  O    TS     0 PTAMS 0x00000000c1c00000 NTAMS 0x00000000c1c00000 space 1024K, 100% used [0x00000000c1b00000, 0x00000000c1c00000)
AC   0  O    TS     0 PTAMS 0x00000000c1d00000 NTAMS 0x00000000c1d00000 space 1024K, 100% used [0x00000000c1c00000, 0x00000000c1d00000)
AC   0  O    TS     0 PTAMS 0x00000000c1e00000 NTAMS 0x00000000c1e00000 space 1024K, 100% used [0x00000000c1d00000, 0x00000000c1e00000)
AC   0  O    TS     0 PTAMS 0x00000000c1f00000 NTAMS 0x00000000c1f00000 space 1024K, 100% used [0x00000000c1e00000, 0x00000000c1f00000)
AC   0  O    TS     0 PTAMS 0x00000000c2000000 NTAMS 0x00000000c2000000 space 1024K, 100% used [0x00000000c1f00000, 0x00000000c2000000)
AC   0  O    TS     0 PTAMS 0x00000000c2100000 NTAMS 0x00000000c2100000 space 1024K, 100% used [0x00000000c2000000, 0x00000000c2100000)
AC   0  O    TS     0 PTAMS 0x00000000c2200000 NTAMS 0x00000000c2200000 space 1024K, 100% used [0x00000000c2100000, 0x00000000c2200000)
AC   0  O    TS     0 PTAMS 0x00000000c2300000 NTAMS 0x00000000c2300000 space 1024K, 100% used [0x00000000c2200000, 0x00000000c2300000)
AC   0  O    TS     0 PTAMS 0x00000000c2400000 NTAMS 0x00000000c2400000 space 1024K, 100% used [0x00000000c2300000, 0x00000000c2400000)
AC   0  O    TS     0 PTAMS 0x00000000c2500000 NTAMS 0x00000000c2500000 space 1024K, 100% used [0x00000000c2400000, 0x00000000c2500000)
AC   0  O    TS     5 PTAMS 0x00000000c2500000 NTAMS 0x00000000c2500000 space 1024K, 100% used [0x00000000c2500000, 0x00000000c2600000)
AC   0  O    TS     0 PTAMS 0x00000000c2700000 NTAMS 0x00000000c2700000 space 1024K, 100% used [0x00000000c2600000, 0x00000000c2700000)
AC   0  O    TS     0 PTAMS 0x00000000c2800000 NTAMS 0x00000000c2800000 space 1024K, 100% used [0x00000000c2700000, 0x00000000c2800000)
AC   0  O    TS     0 PTAMS 0x00000000c2900000 NTAMS 0x00000000c2900000 space 1024K, 100% used [0x00000000c2800000, 0x00000000c2900000)
AC   0  O    TS     1 PTAMS 0x00000000c2900000 NTAMS 0x00000000c2900000 space 1024K, 100% used [0x00000000c2900000, 0x00000000c2a00000)
AC   0  O    TS     1 PTAMS 0x00000000c2a00000 NTAMS 0x00000000c2a00000 space 1024K, 100% used [0x00000000c2a00000, 0x00000000c2b00000)
AC   0  O    TS     5 PTAMS 0x00000000c2b00000 NTAMS 0x00000000c2b00000 space 1024K, 100% used [0x00000000c2b00000, 0x00000000c2c00000)
AC   0  O    TS     5 PTAMS 0x00000000c2c00000 NTAMS 0x00000000c2c00000 space 1024K, 100% used [0x00000000c2c00000, 0x00000000c2d00000)
AC   0  O    TS     1 PTAMS 0x00000000c2d00000 NTAMS 0x00000000c2d00000 space 1024K, 100% used [0x00000000c2d00000, 0x00000000c2e00000)
AC   0  O    TS     0 PTAMS 0x00000000c2f00000 NTAMS 0x00000000c2f00000 space 1024K, 100% used [0x00000000c2e00000, 0x00000000c2f00000)
AC   0  O    TS     5 PTAMS 0x00000000c2f00000 NTAMS 0x00000000c2f00000 space 1024K, 100% used [0x00000000c2f00000, 0x00000000c3000000)
AC   0  O    TS     1 PTAMS 0x00000000c3000000 NTAMS 0x00000000c3000000 space 1024K, 100% used [0x00000000c3000000, 0x00000000c3100000)
AC   0  O    TS     1 PTAMS 0x00000000c3100000 NTAMS 0x00000000c3100000 space 1024K, 100% used [0x00000000c3100000, 0x00000000c3200000)
AC   0  O    TS     1 PTAMS 0x00000000c3200000 NTAMS 0x00000000c3200000 space 1024K, 100% used [0x00000000c3200000, 0x00000000c3300000)
AC   0  O    TS     1 PTAMS 0x00000000c3300000 NTAMS 0x00000000c3300000 space 1024K, 100% used [0x00000000c3300000, 0x00000000c3400000)
AC   0  O    TS     1 PTAMS 0x00000000c3400000 NTAMS 0x00000000c3400000 space 1024K, 100% used [0x00000000c3400000, 0x00000000c3500000)
AC   0  O    TS     1 PTAMS 0x00000000c3500000 NTAMS 0x00000000c3500000 space 1024K, 100% used [0x00000000c3500000, 0x00000000c3600000)
AC   0  O    TS     1 PTAMS 0x00000000c3600000 NTAMS 0x00000000c3600000 space 1024K, 100% used [0x00000000c3600000, 0x00000000c3700000)
AC   0  O    TS     1 PTAMS 0x00000000c3700000 NTAMS 0x00000000c3700000 space 1024K, 100% used [0x00000000c3700000, 0x00000000c3800000)
AC   0  O    TS     1 PTAMS 0x00000000c3800000 NTAMS 0x00000000c3800000 space 1024K, 100% used [0x00000000c3800000, 0x00000000c3900000)
AC   0  O    TS     1 PTAMS 0x00000000c3900000 NTAMS 0x00000000c3900000 space 1024K, 100% used [0x00000000c3900000, 0x00000000c3a00000)
AC   0  O    TS     1 PTAMS 0x00000000c3a00000 NTAMS 0x00000000c3a00000 space 1024K, 100% used [0x00000000c3a00000, 0x00000000c3b00000)
AC   0  O    TS     1 PTAMS 0x00000000c3b00000 NTAMS 0x00000000c3b00000 space 1024K, 100% used [0x00000000c3b00000, 0x00000000c3c00000)
AC   0  O    TS     5 PTAMS 0x00000000c3c00000 NTAMS 0x00000000c3c00000 space 1024K, 100% used [0x00000000c3c00000, 0x00000000c3d00000)
AC   0  O    TS     1 PTAMS 0x00000000c3d00000 NTAMS 0x00000000c3d00000 space 1024K, 100% used [0x00000000c3d00000, 0x00000000c3e00000)
AC   0  O    TS     5 PTAMS 0x00000000c3e00000 NTAMS 0x00000000c3e00000 space 1024K, 100% used [0x00000000c3e00000, 0x00000000c3f00000)
AC   0  O    TS     1 PTAMS 0x00000000c3f00000 NTAMS 0x00000000c3f00000 space 1024K, 100% used [0x00000000c3f00000, 0x00000000c4000000)
AC   0  O    TS     0 PTAMS 0x00000000c4100000 NTAMS 0x00000000c4100000 space 1024K, 100% used [0x00000000c4000000, 0x00000000c4100000)
AC   0  O    TS     1 PTAMS 0x00000000c4100000 NTAMS 0x00000000c4100000 space 1024K, 100% used [0x00000000c4100000, 0x00000000c4200000)
AC   0  O    TS     1 PTAMS 0x00000000c4200000 NTAMS 0x00000000c4200000 space 1024K, 100% used [0x00000000c4200000, 0x00000000c4300000)
AC   0  O    TS     1 PTAMS 0x00000000c4300000 NTAMS 0x00000000c4300000 space 1024K, 100% used [0x00000000c4300000, 0x00000000c4400000)
AC   0  O    TS     1 PTAMS 0x00000000c4400000 NTAMS 0x00000000c4400000 space 1024K, 100% used [0x00000000c4400000, 0x00000000c4500000)
AC   0  O    TS     1 PTAMS 0x00000000c4500000 NTAMS 0x00000000c4500000 space 1024K, 100% used [0x00000000c4500000, 0x00000000c4600000)
AC   0  O    TS     1 PTAMS 0x00000000c4600000 NTAMS 0x00000000c4600000 space 1024K, 100% used [0x00000000c4600000, 0x00000000c4700000)
AC   0  O    TS     1 PTAMS 0x00000000c4700000 NTAMS 0x00000000c4700000 space 1024K, 100% used [0x00000000c4700000, 0x00000000c4800000)
AC   0  O    TS     5 PTAMS 0x00000000c4800000 NTAMS 0x00000000c4800000 space 1024K, 100% used [0x00000000c4800000, 0x00000000c4900000)
AC   0  O    TS     5 PTAMS 0x00000000c4900000 NTAMS 0x00000000c4900000 space 1024K, 100% used [0x00000000c4900000, 0x00000000c4a00000)
AC   0  O    TS     3 PTAMS 0x00000000c4a00000 NTAMS 0x00000000c4a00000 space 1024K, 100% used [0x00000000c4a00000, 0x00000000c4b00000)
AC   0  O    TS     3 PTAMS 0x00000000c4b00000 NTAMS 0x00000000c4b00000 space 1024K, 100% used [0x00000000c4b00000, 0x00000000c4c00000)
AC   0  O    TS     3 PTAMS 0x00000000c4c00000 NTAMS 0x00000000c4c00000 space 1024K, 100% used [0x00000000c4c00000, 0x00000000c4d00000)
AC   0  O    TS     3 PTAMS 0x00000000c4d00000 NTAMS 0x00000000c4d00000 space 1024K, 100% used [0x00000000c4d00000, 0x00000000c4e00000)
AC   0  O    TS     3 PTAMS 0x00000000c4e00000 NTAMS 0x00000000c4e00000 space 1024K, 100% used [0x00000000c4e00000, 0x00000000c4f00000)
AC   0  O    TS     3 PTAMS 0x00000000c4f00000 NTAMS 0x00000000c4f00000 space 1024K, 100% used [0x00000000c4f00000, 0x00000000c5000000)
AC   0  O    TS     3 PTAMS 0x00000000c5000000 NTAMS 0x00000000c5000000 space 1024K, 100% used [0x00000000c5000000, 0x00000000c5100000)
AC   0  O    TS     5 PTAMS 0x00000000c5100000 NTAMS 0x00000000c5100000 space 1024K, 100% used [0x00000000c5100000, 0x00000000c5200000)
AC   0  O    TS     3 PTAMS 0x00000000c5200000 NTAMS 0x00000000c5200000 space 1024K, 100% used [0x00000000c5200000, 0x00000000c5300000)
AC   0  O    TS     5 PTAMS 0x00000000c5300000 NTAMS 0x00000000c5300000 space 1024K, 100% used [0x00000000c5300000, 0x00000000c5400000)
AC   0  O    TS     5 PTAMS 0x00000000c5400000 NTAMS 0x00000000c5400000 space 1024K, 100% used [0x00000000c5400000, 0x00000000c5500000)
AC   0  O    TS     5 PTAMS 0x00000000c5500000 NTAMS 0x00000000c5500000 space 1024K, 100% used [0x00000000c5500000, 0x00000000c5600000)
AC   0  O    TS     5 PTAMS 0x00000000c5600000 NTAMS 0x00000000c5600000 space 1024K, 100% used [0x00000000c5600000, 0x00000000c5700000)
AC   0  O    TS     5 PTAMS 0x00000000c5700000 NTAMS 0x00000000c5700000 space 1024K, 100% used [0x00000000c5700000, 0x00000000c5800000)
AC   0  O    TS     5 PTAMS 0x00000000c5800000 NTAMS 0x00000000c5800000 space 1024K, 100% used [0x00000000c5800000, 0x00000000c5900000)
AC   0  O    TS     5 PTAMS 0x00000000c5900000 NTAMS 0x00000000c5900000 space 1024K, 100% used [0x00000000c5900000, 0x00000000c5a00000)
AC   0  O    TS     5 PTAMS 0x00000000c5a00000 NTAMS 0x00000000c5a00000 space 1024K, 100% used [0x00000000c5a00000, 0x00000000c5b00000)
AC   0  O    TS     5 PTAMS 0x00000000c5b00000 NTAMS 0x00000000c5b00000 space 1024K, 100% used [0x00000000c5b00000, 0x00000000c5c00000)
AC   0  O    TS     5 PTAMS 0x00000000c5c00000 NTAMS 0x00000000c5c00000 space 1024K, 100% used [0x00000000c5c00000, 0x00000000c5d00000)
AC   0  O    TS     5 PTAMS 0x00000000c5d00000 NTAMS 0x00000000c5d00000 space 1024K, 100% used [0x00000000c5d00000, 0x00000000c5e00000)
AC   0  O    TS     5 PTAMS 0x00000000c5e00000 NTAMS 0x00000000c5e00000 space 1024K, 100% used [0x00000000c5e00000, 0x00000000c5f00000)
AC   0  O    TS     5 PTAMS 0x00000000c5f00000 NTAMS 0x00000000c5f00000 space 1024K, 100% used [0x00000000c5f00000, 0x00000000c6000000)
AC   0  O    TS     5 PTAMS 0x00000000c6000000 NTAMS 0x00000000c6000000 space 1024K, 100% used [0x00000000c6000000, 0x00000000c6100000)
AC   0  O    TS     5 PTAMS 0x00000000c6100000 NTAMS 0x00000000c6100000 space 1024K, 100% used [0x00000000c6100000, 0x00000000c6200000)
AC   0  S    TS     5 PTAMS 0x00000000c6200000 NTAMS 0x00000000c6200000 space 1024K, 100% used [0x00000000c6200000, 0x00000000c6300000)
AC   0  S    TS     5 PTAMS 0x00000000c6300000 NTAMS 0x00000000c6300000 space 1024K, 100% used [0x00000000c6300000, 0x00000000c6400000)
AC   0  S    TS     5 PTAMS 0x00000000c6400000 NTAMS 0x00000000c6400000 space 1024K, 100% used [0x00000000c6400000, 0x00000000c6500000)
AC   0  S    TS     5 PTAMS 0x00000000c6500000 NTAMS 0x00000000c6500000 space 1024K, 100% used [0x00000000c6500000, 0x00000000c6600000)
AC   0  S    TS     5 PTAMS 0x00000000c6600000 NTAMS 0x00000000c6600000 space 1024K, 100% used [0x00000000c6600000, 0x00000000c6700000)
AC   0  S    TS     5 PTAMS 0x00000000c6700000 NTAMS 0x00000000c6700000 space 1024K, 100% used [0x00000000c6700000, 0x00000000c6800000)
AC   0  S    TS     5 PTAMS 0x00000000c6800000 NTAMS 0x00000000c6800000 space 1024K, 100% used [0x00000000c6800000, 0x00000000c6900000)
AC   0  S    TS     5 PTAMS 0x00000000c6900000 NTAMS 0x00000000c6900000 space 1024K, 100% used [0x00000000c6900000, 0x00000000c6a00000)
AC   0  S    TS     5 PTAMS 0x00000000c6a00000 NTAMS 0x00000000c6a00000 space 1024K, 100% used [0x00000000c6a00000, 0x00000000c6b00000)
AC   0  S    TS     5 PTAMS 0x00000000c6b00000 NTAMS 0x00000000c6b00000 space 1024K, 100% used [0x00000000c6b00000, 0x00000000c6c00000)
AC   0  S    TS     5 PTAMS 0x00000000c6c00000 NTAMS 0x00000000c6c00000 space 1024K, 100% used [0x00000000c6c00000, 0x00000000c6d00000)
AC   0  S    TS     5 PTAMS 0x00000000c6d00000 NTAMS 0x00000000c6d00000 space 1024K, 100% used [0x00000000c6d00000, 0x00000000c6e00000)
AC   0  S    TS     5 PTAMS 0x00000000c6e00000 NTAMS 0x00000000c6e00000 space 1024K, 100% used [0x00000000c6e00000, 0x00000000c6f00000)
AC   0  S    TS     5 PTAMS 0x00000000c6f00000 NTAMS 0x00000000c6f00000 space 1024K, 100% used [0x00000000c6f00000, 0x00000000c7000000)
AC   0  S    TS     5 PTAMS 0x00000000c7000000 NTAMS 0x00000000c7000000 space 1024K, 100% used [0x00000000c7000000, 0x00000000c7100000)
AC   0  S    TS     5 PTAMS 0x00000000c7100000 NTAMS 0x00000000c7100000 space 1024K, 100% used [0x00000000c7100000, 0x00000000c7200000)
AC   0  E CS TS     0 PTAMS 0x00000000c7200000 NTAMS 0x00000000c7200000 space 1024K, 100% used [0x00000000c7200000, 0x00000000c7300000)
AC   0  E CS TS     0 PTAMS 0x00000000c7300000 NTAMS 0x00000000c7300000 space 1024K, 100% used [0x00000000c7300000, 0x00000000c7400000)
AC   0  E CS TS     0 PTAMS 0x00000000c7400000 NTAMS 0x00000000c7400000 space 1024K, 100% used [0x00000000c7400000, 0x00000000c7500000)
AC   0  E CS TS     0 PTAMS 0x00000000c7500000 NTAMS 0x00000000c7500000 space 1024K, 100% used [0x00000000c7500000, 0x00000000c7600000)
AC   0  E CS TS     0 PTAMS 0x00000000c7600000 NTAMS 0x00000000c7600000 space 1024K, 100% used [0x00000000c7600000, 0x00000000c7700000)
AC   0  E CS TS     0 PTAMS 0x00000000c7700000 NTAMS 0x00000000c7700000 space 1024K, 100% used [0x00000000c7700000, 0x00000000c7800000)
AC   0  E CS TS     0 PTAMS 0x00000000c7800000 NTAMS 0x00000000c7800000 space 1024K, 100% used [0x00000000c7800000, 0x00000000c7900000)
AC   0  E CS TS     0 PTAMS 0x00000000c7900000 NTAMS 0x00000000c7900000 space 1024K, 100% used [0x00000000c7900000, 0x00000000c7a00000)
AC   0  E CS TS     0 PTAMS 0x00000000c7a00000 NTAMS 0x00000000c7a00000 space 1024K, 100% used [0x00000000c7a00000, 0x00000000c7b00000)
AC   0  E CS TS     0 PTAMS 0x00000000c7b00000 NTAMS 0x00000000c7b00000 space 1024K, 100% used [0x00000000c7b00000, 0x00000000c7c00000)
AC   0  E CS TS     0 PTAMS 0x00000000c7c00000 NTAMS 0x00000000c7c00000 space 1024K, 100% used [0x00000000c7c00000, 0x00000000c7d00000)
AC   0  E CS TS     0 PTAMS 0x00000000c7d00000 NTAMS 0x00000000c7d00000 space 1024K, 100% used [0x00000000c7d00000, 0x00000000c7e00000)
AC   0  E CS TS     0 PTAMS 0x00000000c7e00000 NTAMS 0x00000000c7e00000 space 1024K, 100% used [0x00000000c7e00000, 0x00000000c7f00000)
AC   0  E CS TS     0 PTAMS 0x00000000c7f00000 NTAMS 0x00000000c7f00000 space 1024K, 100% used [0x00000000c7f00000, 0x00000000c8000000)
AC   0  E CS TS     0 PTAMS 0x00000000c8000000 NTAMS 0x00000000c8000000 space 1024K, 100% used [0x00000000c8000000, 0x00000000c8100000)
AC   0  E CS TS     0 PTAMS 0x00000000c8100000 NTAMS 0x00000000c8100000 space 1024K, 100% used [0x00000000c8100000, 0x00000000c8200000)
AC   0  E CS TS     0 PTAMS 0x00000000c8200000 NTAMS 0x00000000c8200000 space 1024K, 100% used [0x00000000c8200000, 0x00000000c8300000)
AC   0  E CS TS     0 PTAMS 0x00000000c8300000 NTAMS 0x00000000c8300000 space 1024K, 100% used [0x00000000c8300000, 0x00000000c8400000)
AC   0  E CS TS     0 PTAMS 0x00000000c8400000 NTAMS 0x00000000c8400000 space 1024K, 100% used [0x00000000c8400000, 0x00000000c8500000)
AC   0  E CS TS     0 PTAMS 0x00000000c8500000 NTAMS 0x00000000c8500000 space 1024K, 100% used [0x00000000c8500000, 0x00000000c8600000)
AC   0  E CS TS     0 PTAMS 0x00000000c8600000 NTAMS 0x00000000c8600000 space 1024K, 100% used [0x00000000c8600000, 0x00000000c8700000)
AC   0  E CS TS     0 PTAMS 0x00000000c8700000 NTAMS 0x00000000c8700000 space 1024K, 100% used [0x00000000c8700000, 0x00000000c8800000)
AC   0  E CS TS     0 PTAMS 0x00000000c8800000 NTAMS 0x00000000c8800000 space 1024K, 100% used [0x00000000c8800000, 0x00000000c8900000)
AC   0  E CS TS     0 PTAMS 0x00000000c8900000 NTAMS 0x00000000c8900000 space 1024K, 100% used [0x00000000c8900000, 0x00000000c8a00000)
AC   0  E CS TS     0 PTAMS 0x00000000c8a00000 NTAMS 0x00000000c8a00000 space 1024K, 100% used [0x00000000c8a00000, 0x00000000c8b00000)
AC   0  E CS TS     0 PTAMS 0x00000000c8b00000 NTAMS 0x00000000c8b00000 space 1024K, 100% used [0x00000000c8b00000, 0x00000000c8c00000)
AC   0  E CS TS     0 PTAMS 0x00000000c8c00000 NTAMS 0x00000000c8c00000 space 1024K, 100% used [0x00000000c8c00000, 0x00000000c8d00000)
AC   0  E CS TS     0 PTAMS 0x00000000c8d00000 NTAMS 0x00000000c8d00000 space 1024K, 100% used [0x00000000c8d00000, 0x00000000c8e00000)
AC   0  E CS TS     0 PTAMS 0x00000000c8e00000 NTAMS 0x00000000c8e00000 space 1024K, 100% used [0x00000000c8e00000, 0x00000000c8f00000)
AC   0  E CS TS     0 PTAMS 0x00000000c8f00000 NTAMS 0x00000000c8f00000 space 1024K, 100% used [0x00000000c8f00000, 0x00000000c9000000)
AC   0  E CS TS     0 PTAMS 0x00000000c9000000 NTAMS 0x00000000c9000000 space 1024K, 100% used [0x00000000c9000000, 0x00000000c9100000)
AC   0  E CS TS     0 PTAMS 0x00000000c9100000 NTAMS 0x00000000c9100000 space 1024K, 100% used [0x00000000c9100000, 0x00000000c9200000)
AC   0  E CS TS     0 PTAMS 0x00000000c9200000 NTAMS 0x00000000c9200000 space 1024K, 100% used [0x00000000c9200000, 0x00000000c9300000)
AC   0  E CS TS     0 PTAMS 0x00000000c9300000 NTAMS 0x00000000c9300000 space 1024K, 100% used [0x00000000c9300000, 0x00000000c9400000)
AC   0  O    TS     0 PTAMS 0x00000000c9500000 NTAMS 0x00000000c9500000 space 1024K, 100% used [0x00000000c9400000, 0x00000000c9500000)
AC   0  O    TS     0 PTAMS 0x00000000c9600000 NTAMS 0x00000000c9600000 space 1024K, 100% used [0x00000000c9500000, 0x00000000c9600000)
AC   0  O    TS     0 PTAMS 0x00000000c9700000 NTAMS 0x00000000c9700000 space 1024K, 100% used [0x00000000c9600000, 0x00000000c9700000)
AC   0  O    TS     0 PTAMS 0x00000000c9800000 NTAMS 0x00000000c9800000 space 1024K, 100% used [0x00000000c9700000, 0x00000000c9800000)
AC   0  O    TS     0 PTAMS 0x00000000c9900000 NTAMS 0x00000000c9900000 space 1024K, 100% used [0x00000000c9800000, 0x00000000c9900000)
AC   0  O    TS     0 PTAMS 0x00000000c9a00000 NTAMS 0x00000000c9a00000 space 1024K, 100% used [0x00000000c9900000, 0x00000000c9a00000)
AC   0  O    TS     0 PTAMS 0x00000000c9b00000 NTAMS 0x00000000c9b00000 space 1024K, 100% used [0x00000000c9a00000, 0x00000000c9b00000)
AC   0  O    TS     0 PTAMS 0x00000000c9c00000 NTAMS 0x00000000c9c00000 space 1024K, 100% used [0x00000000c9b00000, 0x00000000c9c00000)
AC   0  O    TS     0 PTAMS 0x00000000c9d00000 NTAMS 0x00000000c9d00000 space 1024K, 100% used [0x00000000c9c00000, 0x00000000c9d00000)
AC   0  O    TS     0 PTAMS 0x00000000c9e00000 NTAMS 0x00000000c9e00000 space 1024K, 100% used [0x00000000c9d00000, 0x00000000c9e00000)
AC   0  O    TS     0 PTAMS 0x00000000c9f00000 NTAMS 0x00000000c9f00000 space 1024K, 100% used [0x00000000c9e00000, 0x00000000c9f00000)
AC   0  O    TS     0 PTAMS 0x00000000ca000000 NTAMS 0x00000000ca000000 space 1024K, 100% used [0x00000000c9f00000, 0x00000000ca000000)
AC   0  O    TS     0 PTAMS 0x00000000ca100000 NTAMS 0x00000000ca100000 space 1024K, 100% used [0x00000000ca000000, 0x00000000ca100000)
AC   0  O    TS     0 PTAMS 0x00000000ca200000 NTAMS 0x00000000ca200000 space 1024K, 100% used [0x00000000ca100000, 0x00000000ca200000)
AC   0  O    TS     0 PTAMS 0x00000000ca300000 NTAMS 0x00000000ca300000 space 1024K, 100% used [0x00000000ca200000, 0x00000000ca300000)
AC   0  O    TS     0 PTAMS 0x00000000ca400000 NTAMS 0x00000000ca400000 space 1024K, 100% used [0x00000000ca300000, 0x00000000ca400000)
AC   0  O    TS     0 PTAMS 0x00000000ca500000 NTAMS 0x00000000ca500000 space 1024K, 100% used [0x00000000ca400000, 0x00000000ca500000)
AC   0  O    TS     0 PTAMS 0x00000000ca600000 NTAMS 0x00000000ca600000 space 1024K, 100% used [0x00000000ca500000, 0x00000000ca600000)
AC   0  O    TS     0 PTAMS 0x00000000ca700000 NTAMS 0x00000000ca700000 space 1024K, 100% used [0x00000000ca600000, 0x00000000ca700000)
AC   0  O    TS     0 PTAMS 0x00000000ca800000 NTAMS 0x00000000ca800000 space 1024K, 100% used [0x00000000ca700000, 0x00000000ca800000)
AC   0  E CS TS     0 PTAMS 0x00000000ca800000 NTAMS 0x00000000ca800000 space 1024K, 100% used [0x00000000ca800000, 0x00000000ca900000)
AC   0  E CS TS     0 PTAMS 0x00000000ca900000 NTAMS 0x00000000ca900000 space 1024K, 100% used [0x00000000ca900000, 0x00000000caa00000)
AC   0  E CS TS     0 PTAMS 0x00000000caa00000 NTAMS 0x00000000caa00000 space 1024K, 100% used [0x00000000caa00000, 0x00000000cab00000)
AC   0  E CS TS     0 PTAMS 0x00000000cab00000 NTAMS 0x00000000cab00000 space 1024K, 100% used [0x00000000cab00000, 0x00000000cac00000)
AC   0  E CS TS     0 PTAMS 0x00000000cac00000 NTAMS 0x00000000cac00000 space 1024K, 100% used [0x00000000cac00000, 0x00000000cad00000)
AC   0  E CS TS     0 PTAMS 0x00000000cad00000 NTAMS 0x00000000cad00000 space 1024K, 100% used [0x00000000cad00000, 0x00000000cae00000)
AC   0  E CS TS     0 PTAMS 0x00000000cae00000 NTAMS 0x00000000cae00000 space 1024K, 100% used [0x00000000cae00000, 0x00000000caf00000)
AC   0  E CS TS     0 PTAMS 0x00000000caf00000 NTAMS 0x00000000caf00000 space 1024K, 100% used [0x00000000caf00000, 0x00000000cb000000)
AC   0  E CS TS     0 PTAMS 0x00000000cb000000 NTAMS 0x00000000cb000000 space 1024K, 100% used [0x00000000cb000000, 0x00000000cb100000)
AC   0  E CS TS     0 PTAMS 0x00000000cb100000 NTAMS 0x00000000cb100000 space 1024K, 100% used [0x00000000cb100000, 0x00000000cb200000)
AC   0  E CS TS     0 PTAMS 0x00000000cb200000 NTAMS 0x00000000cb200000 space 1024K, 100% used [0x00000000cb200000, 0x00000000cb300000)
AC   0  E CS TS     0 PTAMS 0x00000000cb300000 NTAMS 0x00000000cb300000 space 1024K, 100% used [0x00000000cb300000, 0x00000000cb400000)
AC   0  E CS TS     0 PTAMS 0x00000000cb400000 NTAMS 0x00000000cb400000 space 1024K, 100% used [0x00000000cb400000, 0x00000000cb500000)
AC   0  E CS TS     0 PTAMS 0x00000000cb500000 NTAMS 0x00000000cb500000 space 1024K, 100% used [0x00000000cb500000, 0x00000000cb600000)
AC   0  E CS TS     0 PTAMS 0x00000000cb600000 NTAMS 0x00000000cb600000 space 1024K, 100% used [0x00000000cb600000, 0x00000000cb700000)
AC   0  E CS TS     0 PTAMS 0x00000000cb700000 NTAMS 0x00000000cb700000 space 1024K, 100% used [0x00000000cb700000, 0x00000000cb800000)
AC   0  E CS TS     0 PTAMS 0x00000000cb800000 NTAMS 0x00000000cb800000 space 1024K, 100% used [0x00000000cb800000, 0x00000000cb900000)
AC   0  E CS TS     0 PTAMS 0x00000000cb900000 NTAMS 0x00000000cb900000 space 1024K, 100% used [0x00000000cb900000, 0x00000000cba00000)
AC   0  E CS TS     0 PTAMS 0x00000000cba00000 NTAMS 0x00000000cba00000 space 1024K, 100% used [0x00000000cba00000, 0x00000000cbb00000)
AC   0  E CS TS     0 PTAMS 0x00000000cbb00000 NTAMS 0x00000000cbb00000 space 1024K, 100% used [0x00000000cbb00000, 0x00000000cbc00000)
AC   0  E CS TS     0 PTAMS 0x00000000cbc00000 NTAMS 0x00000000cbc00000 space 1024K, 100% used [0x00000000cbc00000, 0x00000000cbd00000)
AC   0  E CS TS     0 PTAMS 0x00000000cbd00000 NTAMS 0x00000000cbd00000 space 1024K, 100% used [0x00000000cbd00000, 0x00000000cbe00000)
AC   0  E CS TS     0 PTAMS 0x00000000cbe00000 NTAMS 0x00000000cbe00000 space 1024K, 100% used [0x00000000cbe00000, 0x00000000cbf00000)
AC   0  E CS TS     0 PTAMS 0x00000000cbf00000 NTAMS 0x00000000cbf00000 space 1024K, 100% used [0x00000000cbf00000, 0x00000000cc000000)
AC   0  E CS TS     0 PTAMS 0x00000000cc000000 NTAMS 0x00000000cc000000 space 1024K, 100% used [0x00000000cc000000, 0x00000000cc100000)
AC   0  E CS TS     0 PTAMS 0x00000000cc100000 NTAMS 0x00000000cc100000 space 1024K, 100% used [0x00000000cc100000, 0x00000000cc200000)
AC   0  E CS TS     0 PTAMS 0x00000000cc200000 NTAMS 0x00000000cc200000 space 1024K, 100% used [0x00000000cc200000, 0x00000000cc300000)
AC   0  E CS TS     0 PTAMS 0x00000000cc300000 NTAMS 0x00000000cc300000 space 1024K, 100% used [0x00000000cc300000, 0x00000000cc400000)
AC   0  E CS TS     0 PTAMS 0x00000000cc400000 NTAMS 0x00000000cc400000 space 1024K, 100% used [0x00000000cc400000, 0x00000000cc500000)
AC   0  E CS TS     0 PTAMS 0x00000000cc500000 NTAMS 0x00000000cc500000 space 1024K, 100% used [0x00000000cc500000, 0x00000000cc600000)
AC   0  E CS TS     0 PTAMS 0x00000000cc600000 NTAMS 0x00000000cc600000 space 1024K, 100% used [0x00000000cc600000, 0x00000000cc700000)
AC   0  E CS TS     0 PTAMS 0x00000000cc700000 NTAMS 0x00000000cc700000 space 1024K, 100% used [0x00000000cc700000, 0x00000000cc800000)
AC   0  E CS TS     0 PTAMS 0x00000000cc800000 NTAMS 0x00000000cc800000 space 1024K, 100% used [0x00000000cc800000, 0x00000000cc900000)
AC   0  E CS TS     0 PTAMS 0x00000000cc900000 NTAMS 0x00000000cc900000 space 1024K, 100% used [0x00000000cc900000, 0x00000000cca00000)
AC   0  E CS TS     0 PTAMS 0x00000000cca00000 NTAMS 0x00000000cca00000 space 1024K, 100% used [0x00000000cca00000, 0x00000000ccb00000)
AC   0  E CS TS     0 PTAMS 0x00000000ccb00000 NTAMS 0x00000000ccb00000 space 1024K, 100% used [0x00000000ccb00000, 0x00000000ccc00000)
AC   0  E CS TS     0 PTAMS 0x00000000ccc00000 NTAMS 0x00000000ccc00000 space 1024K, 100% used [0x00000000ccc00000, 0x00000000ccd00000)
AC   0  E CS TS     0 PTAMS 0x00000000ccd00000 NTAMS 0x00000000ccd00000 space 1024K, 100% used [0x00000000ccd00000, 0x00000000cce00000)
AC   0  E CS TS     0 PTAMS 0x00000000cce00000 NTAMS 0x00000000cce00000 space 1024K, 100% used [0x00000000cce00000, 0x00000000ccf00000)
AC   0  E CS TS     0 PTAMS 0x00000000ccf00000 NTAMS 0x00000000ccf00000 space 1024K, 100% used [0x00000000ccf00000, 0x00000000cd000000)
AC   0  E CS TS     0 PTAMS 0x00000000cd000000 NTAMS 0x00000000cd000000 space 1024K, 100% used [0x00000000cd000000, 0x00000000cd100000)
AC   0  E CS TS     1 PTAMS 0x00000000cd100000 NTAMS 0x00000000cd100000 space 1024K, 100% used [0x00000000cd100000, 0x00000000cd200000)
AC   0  E CS TS     1 PTAMS 0x00000000cd200000 NTAMS 0x00000000cd200000 space 1024K, 100% used [0x00000000cd200000, 0x00000000cd300000)
AC   0  E CS TS     1 PTAMS 0x00000000cd300000 NTAMS 0x00000000cd300000 space 1024K, 100% used [0x00000000cd300000, 0x00000000cd400000)
AC   0  E CS TS     1 PTAMS 0x00000000cd400000 NTAMS 0x00000000cd400000 space 1024K, 100% used [0x00000000cd400000, 0x00000000cd500000)
AC   0  E CS TS     1 PTAMS 0x00000000cd500000 NTAMS 0x00000000cd500000 space 1024K, 100% used [0x00000000cd500000, 0x00000000cd600000)
AC   0  E CS TS     1 PTAMS 0x00000000cd600000 NTAMS 0x00000000cd600000 space 1024K, 100% used [0x00000000cd600000, 0x00000000cd700000)
AC   0  E CS TS     1 PTAMS 0x00000000cd700000 NTAMS 0x00000000cd700000 space 1024K, 100% used [0x00000000cd700000, 0x00000000cd800000)
AC   0  E CS TS     0 PTAMS 0x00000000cd800000 NTAMS 0x00000000cd800000 space 1024K, 100% used [0x00000000cd800000, 0x00000000cd900000)
AC   0  E CS TS     0 PTAMS 0x00000000cd900000 NTAMS 0x00000000cd900000 space 1024K, 100% used [0x00000000cd900000, 0x00000000cda00000)
AC   0  E CS TS     0 PTAMS 0x00000000cda00000 NTAMS 0x00000000cda00000 space 1024K, 100% used [0x00000000cda00000, 0x00000000cdb00000)
AC   0  E CS TS     0 PTAMS 0x00000000cdb00000 NTAMS 0x00000000cdb00000 space 1024K, 100% used [0x00000000cdb00000, 0x00000000cdc00000)
AC   0  E CS TS     0 PTAMS 0x00000000cdc00000 NTAMS 0x00000000cdc00000 space 1024K, 100% used [0x00000000cdc00000, 0x00000000cdd00000)
AC   0  E CS TS     0 PTAMS 0x00000000cdd00000 NTAMS 0x00000000cdd00000 space 1024K, 100% used [0x00000000cdd00000, 0x00000000cde00000)
AC   0  E CS TS     0 PTAMS 0x00000000cde00000 NTAMS 0x00000000cde00000 space 1024K, 100% used [0x00000000cde00000, 0x00000000cdf00000)
AC   0  E CS TS     0 PTAMS 0x00000000cdf00000 NTAMS 0x00000000cdf00000 space 1024K, 100% used [0x00000000cdf00000, 0x00000000ce000000)
AC   0  E CS TS     0 PTAMS 0x00000000ce000000 NTAMS 0x00000000ce000000 space 1024K, 100% used [0x00000000ce000000, 0x00000000ce100000)
AC   0  E CS TS     0 PTAMS 0x00000000ce100000 NTAMS 0x00000000ce100000 space 1024K, 100% used [0x00000000ce100000, 0x00000000ce200000)
AC   0  E CS TS     0 PTAMS 0x00000000ce200000 NTAMS 0x00000000ce200000 space 1024K, 100% used [0x00000000ce200000, 0x00000000ce300000)
AC   0  E CS TS     0 PTAMS 0x00000000ce300000 NTAMS 0x00000000ce300000 space 1024K, 100% used [0x00000000ce300000, 0x00000000ce400000)
AC   0  E CS TS     0 PTAMS 0x00000000ce400000 NTAMS 0x00000000ce400000 space 1024K, 100% used [0x00000000ce400000, 0x00000000ce500000)
AC   0  E CS TS     0 PTAMS 0x00000000ce500000 NTAMS 0x00000000ce500000 space 1024K, 100% used [0x00000000ce500000, 0x00000000ce600000)
AC   0  E CS TS     0 PTAMS 0x00000000ce600000 NTAMS 0x00000000ce600000 space 1024K, 100% used [0x00000000ce600000, 0x00000000ce700000)
AC   0  E CS TS     0 PTAMS 0x00000000ce700000 NTAMS 0x00000000ce700000 space 1024K, 100% used [0x00000000ce700000, 0x00000000ce800000)
AC   0  E CS TS     0 PTAMS 0x00000000ce800000 NTAMS 0x00000000ce800000 space 1024K, 100% used [0x00000000ce800000, 0x00000000ce900000)
AC   0  E CS TS     0 PTAMS 0x00000000ce900000 NTAMS 0x00000000ce900000 space 1024K, 100% used [0x00000000ce900000, 0x00000000cea00000)
AC   0  E CS TS     0 PTAMS 0x00000000cea00000 NTAMS 0x00000000cea00000 space 1024K, 100% used [0x00000000cea00000, 0x00000000ceb00000)
AC   0  E CS TS     0 PTAMS 0x00000000ceb00000 NTAMS 0x00000000ceb00000 space 1024K, 100% used [0x00000000ceb00000, 0x00000000cec00000)
AC   0  E CS TS     0 PTAMS 0x00000000cec00000 NTAMS 0x00000000cec00000 space 1024K, 100% used [0x00000000cec00000, 0x00000000ced00000)
AC   0  E CS TS     0 PTAMS 0x00000000ced00000 NTAMS 0x00000000ced00000 space 1024K, 100% used [0x00000000ced00000, 0x00000000cee00000)
AC   0  E CS TS     0 PTAMS 0x00000000cee00000 NTAMS 0x00000000cee00000 space 1024K, 100% used [0x00000000cee00000, 0x00000000cef00000)
AC   0  E CS TS     0 PTAMS 0x00000000cef00000 NTAMS 0x00000000cef00000 space 1024K, 100% used [0x00000000cef00000, 0x00000000cf000000)
AC   0  E CS TS     0 PTAMS 0x00000000cf000000 NTAMS 0x00000000cf000000 space 1024K, 100% used [0x00000000cf000000, 0x00000000cf100000)
AC   0  E CS TS     0 PTAMS 0x00000000cf100000 NTAMS 0x00000000cf100000 space 1024K, 100% used [0x00000000cf100000, 0x00000000cf200000)
AC   0  E CS TS     0 PTAMS 0x00000000cf200000 NTAMS 0x00000000cf200000 space 1024K, 100% used [0x00000000cf200000, 0x00000000cf300000)
AC   0  E CS TS     0 PTAMS 0x00000000cf300000 NTAMS 0x00000000cf300000 space 1024K, 100% used [0x00000000cf300000, 0x00000000cf400000)
AC   0  E CS TS     0 PTAMS 0x00000000cf400000 NTAMS 0x00000000cf400000 space 1024K, 100% used [0x00000000cf400000, 0x00000000cf500000)
AC   0  E CS TS     0 PTAMS 0x00000000cf500000 NTAMS 0x00000000cf500000 space 1024K, 100% used [0x00000000cf500000, 0x00000000cf600000)
AC   0  E CS TS     0 PTAMS 0x00000000cf600000 NTAMS 0x00000000cf600000 space 1024K, 100% used [0x00000000cf600000, 0x00000000cf700000)
AC   0  E CS TS     0 PTAMS 0x00000000cf700000 NTAMS 0x00000000cf700000 space 1024K, 100% used [0x00000000cf700000, 0x00000000cf800000)
AC   0  E CS TS     3 PTAMS 0x00000000cf800000 NTAMS 0x00000000cf800000 space 1024K, 100% used [0x00000000cf800000, 0x00000000cf900000)
AC   0  E CS TS     3 PTAMS 0x00000000cf900000 NTAMS 0x00000000cf900000 space 1024K, 100% used [0x00000000cf900000, 0x00000000cfa00000)
AC   0  E CS TS     0 PTAMS 0x00000000cfa00000 NTAMS 0x00000000cfa00000 space 1024K, 100% used [0x00000000cfa00000, 0x00000000cfb00000)
AC   0  E CS TS     0 PTAMS 0x00000000cfb00000 NTAMS 0x00000000cfb00000 space 1024K, 100% used [0x00000000cfb00000, 0x00000000cfc00000)
AC   0  E CS TS     0 PTAMS 0x00000000cfc00000 NTAMS 0x00000000cfc00000 space 1024K, 100% used [0x00000000cfc00000, 0x00000000cfd00000)
AC   0  E CS TS     0 PTAMS 0x00000000cfd00000 NTAMS 0x00000000cfd00000 space 1024K, 100% used [0x00000000cfd00000, 0x00000000cfe00000)
AC   0  E CS TS     0 PTAMS 0x00000000cfe00000 NTAMS 0x00000000cfe00000 space 1024K, 100% used [0x00000000cfe00000, 0x00000000cff00000)
AC   0  E CS TS     0 PTAMS 0x00000000cff00000 NTAMS 0x00000000cff00000 space 1024K, 100% used [0x00000000cff00000, 0x00000000d0000000)
AC   0  O    TS     0 PTAMS 0x00000000d0100000 NTAMS 0x00000000d0100000 space 1024K, 100% used [0x00000000d0000000, 0x00000000d0100000)
AC   0  O    TS     0 PTAMS 0x00000000d0200000 NTAMS 0x00000000d0200000 space 1024K, 100% used [0x00000000d0100000, 0x00000000d0200000)
AC   0  O    TS     0 PTAMS 0x00000000d0300000 NTAMS 0x00000000d0300000 space 1024K, 100% used [0x00000000d0200000, 0x00000000d0300000)
AC   0  O    TS     0 PTAMS 0x00000000d0400000 NTAMS 0x00000000d0400000 space 1024K, 100% used [0x00000000d0300000, 0x00000000d0400000)
AC   0  O    TS     0 PTAMS 0x00000000d0500000 NTAMS 0x00000000d0500000 space 1024K, 100% used [0x00000000d0400000, 0x00000000d0500000)
AC   0  O    TS     0 PTAMS 0x00000000d0600000 NTAMS 0x00000000d0600000 space 1024K, 100% used [0x00000000d0500000, 0x00000000d0600000)
AC   0  O    TS     0 PTAMS 0x00000000d0700000 NTAMS 0x00000000d0700000 space 1024K, 100% used [0x00000000d0600000, 0x00000000d0700000)
AC   0  O    TS     0 PTAMS 0x00000000d0800000 NTAMS 0x00000000d0800000 space 1024K, 100% used [0x00000000d0700000, 0x00000000d0800000)
AC   0  O    TS     0 PTAMS 0x00000000d0900000 NTAMS 0x00000000d0900000 space 1024K, 100% used [0x00000000d0800000, 0x00000000d0900000)
AC   0  O    TS     0 PTAMS 0x00000000d0a00000 NTAMS 0x00000000d0a00000 space 1024K, 100% used [0x00000000d0900000, 0x00000000d0a00000)
AC   0  O    TS     0 PTAMS 0x00000000d0b00000 NTAMS 0x00000000d0b00000 space 1024K, 100% used [0x00000000d0a00000, 0x00000000d0b00000)
AC   0  O    TS     0 PTAMS 0x00000000d0c00000 NTAMS 0x00000000d0c00000 space 1024K, 100% used [0x00000000d0b00000, 0x00000000d0c00000)
AC   0  O    TS     0 PTAMS 0x00000000d0d00000 NTAMS 0x00000000d0d00000 space 1024K, 100% used [0x00000000d0c00000, 0x00000000d0d00000)
AC   0  O    TS     0 PTAMS 0x00000000d0e00000 NTAMS 0x00000000d0e00000 space 1024K, 100% used [0x00000000d0d00000, 0x00000000d0e00000)
AC   0  O    TS     0 PTAMS 0x00000000d0f00000 NTAMS 0x00000000d0f00000 space 1024K, 100% used [0x00000000d0e00000, 0x00000000d0f00000)
AC   0  O    TS     0 PTAMS 0x00000000d1000000 NTAMS 0x00000000d1000000 space 1024K, 100% used [0x00000000d0f00000, 0x00000000d1000000)
AC   0  O    TS     0 PTAMS 0x00000000d1100000 NTAMS 0x00000000d1100000 space 1024K, 100% used [0x00000000d1000000, 0x00000000d1100000)
AC   0  O    TS     0 PTAMS 0x00000000d1200000 NTAMS 0x00000000d1200000 space 1024K, 100% used [0x00000000d1100000, 0x00000000d1200000)
AC   0  O    TS     5 PTAMS 0x00000000d1200000 NTAMS 0x00000000d1200000 space 1024K, 100% used [0x00000000d1200000, 0x00000000d1300000)
AC   0  O    TS     5 PTAMS 0x00000000d1300000 NTAMS 0x00000000d1300000 space 1024K, 100% used [0x00000000d1300000, 0x00000000d1400000)
AC   0  O    TS     5 PTAMS 0x00000000d1400000 NTAMS 0x00000000d1400000 space 1024K, 100% used [0x00000000d1400000, 0x00000000d1500000)
AC   0  O    TS     5 PTAMS 0x00000000d1500000 NTAMS 0x00000000d1500000 space 1024K, 100% used [0x00000000d1500000, 0x00000000d1600000)
AC   0  O    TS     5 PTAMS 0x00000000d1600000 NTAMS 0x00000000d1600000 space 1024K, 100% used [0x00000000d1600000, 0x00000000d1700000)
AC   0  O    TS     5 PTAMS 0x00000000d1700000 NTAMS 0x00000000d1700000 space 1024K, 100% used [0x00000000d1700000, 0x00000000d1800000)
AC   0  O    TS     5 PTAMS 0x00000000d1800000 NTAMS 0x00000000d1800000 space 1024K, 100% used [0x00000000d1800000, 0x00000000d1900000)
AC   0  O    TS     5 PTAMS 0x00000000d1900000 NTAMS 0x00000000d1900000 space 1024K, 100% used [0x00000000d1900000, 0x00000000d1a00000)
AC   0  O    TS     5 PTAMS 0x00000000d1a00000 NTAMS 0x00000000d1a00000 space 1024K, 100% used [0x00000000d1a00000, 0x00000000d1b00000)
AC   0  O    TS     5 PTAMS 0x00000000d1b00000 NTAMS 0x00000000d1b00000 space 1024K, 100% used [0x00000000d1b00000, 0x00000000d1c00000)
AC   0  O    TS     5 PTAMS 0x00000000d1c00000 NTAMS 0x00000000d1c00000 space 1024K, 100% used [0x00000000d1c00000, 0x00000000d1d00000)
AC   0  O    TS     5 PTAMS 0x00000000d1d00000 NTAMS 0x00000000d1d00000 space 1024K, 100% used [0x00000000d1d00000, 0x00000000d1e00000)
AC   0  O    TS     5 PTAMS 0x00000000d1e00000 NTAMS 0x00000000d1e00000 space 1024K, 100% used [0x00000000d1e00000, 0x00000000d1f00000)
AC   0  O    TS     5 PTAMS 0x00000000d1f00000 NTAMS 0x00000000d1f00000 space 1024K, 100% used [0x00000000d1f00000, 0x00000000d2000000)
AC   0  O    TS     5 PTAMS 0x00000000d2000000 NTAMS 0x00000000d2000000 space 1024K, 100% used [0x00000000d2000000, 0x00000000d2100000)
AC   0  O    TS     5 PTAMS 0x00000000d2100000 NTAMS 0x00000000d2100000 space 1024K, 100% used [0x00000000d2100000, 0x00000000d2200000)
AC   0  O    TS     5 PTAMS 0x00000000d2200000 NTAMS 0x00000000d2200000 space 1024K, 100% used [0x00000000d2200000, 0x00000000d2300000)
AC   0  O    TS     5 PTAMS 0x00000000d2300000 NTAMS 0x00000000d2300000 space 1024K, 100% used [0x00000000d2300000, 0x00000000d2400000)
AC   0  O    TS     5 PTAMS 0x00000000d2400000 NTAMS 0x00000000d2400000 space 1024K, 100% used [0x00000000d2400000, 0x00000000d2500000)
AC   0  O    TS     5 PTAMS 0x00000000d2500000 NTAMS 0x00000000d2500000 space 1024K, 100% used [0x00000000d2500000, 0x00000000d2600000)
AC   0  O    TS     5 PTAMS 0x00000000d2600000 NTAMS 0x00000000d2600000 space 1024K, 100% used [0x00000000d2600000, 0x00000000d2700000)
AC   0  O    TS     5 PTAMS 0x00000000d2700000 NTAMS 0x00000000d2700000 space 1024K, 100% used [0x00000000d2700000, 0x00000000d2800000)
AC   0  O    TS     5 PTAMS 0x00000000d2800000 NTAMS 0x00000000d2800000 space 1024K, 100% used [0x00000000d2800000, 0x00000000d2900000)

Card table byte_map: [0x0000000014e40000,0x0000000015040000] byte_map_base: 0x0000000014840000

Marking Bits (Prev, Next): (CMBitMap*) 0x0000000004877cd8, (CMBitMap*) 0x0000000004877d30
 Prev Bits: [0x0000000015240000, 0x0000000016240000)
 Next Bits: [0x0000000016240000, 0x0000000017240000)

Polling page: 0x0000000002dd0000

CodeCache: size=245760Kb used=16374Kb max_used=18047Kb free=229385Kb
 bounds [0x0000000004940000, 0x0000000005b30000, 0x0000000013940000]
 total_blobs=5118 nmethods=4554 adapters=476
 compilation: enabled

Compilation events (10 events):
Event: 56935.964 Thread 0x000000001a53b800 5620       3       java.util.zip.ZStreamRef::clear (6 bytes)
Event: 56935.964 Thread 0x000000001a53b800 nmethod 5620 0x000000000591fc90 code [0x000000000591fde0, 0x000000000591ff50]
Event: 56935.965 Thread 0x000000001a53b000 nmethod 5618 0x000000000572e510 code [0x000000000572e660, 0x000000000572e978]
Event: 56935.966 Thread 0x000000001a53b800 5621   !   3       java.util.zip.Inflater::end (50 bytes)
Event: 56935.966 Thread 0x000000001a53b800 nmethod 5621 0x00000000057abf50 code [0x00000000057ac0e0, 0x00000000057ac588]
Event: 56935.968 Thread 0x000000001a53b800 5622       3       org.eclipse.osgi.storage.bundlefile.BundleFile::setMruIndex (6 bytes)
Event: 56935.968 Thread 0x000000001a53b800 nmethod 5622 0x000000000572e1d0 code [0x000000000572e320, 0x000000000572e470]
Event: 56935.971 Thread 0x000000001a53b800 5623       3       org.eclipse.osgi.internal.loader.buddy.PolicyHandler::bundleChanged (25 bytes)
Event: 56935.972 Thread 0x000000001a53b800 nmethod 5623 0x0000000005a46550 code [0x0000000005a466c0, 0x0000000005a469c8]
Event: 56935.972 Thread 0x000000001a53b800 5624       3       sun.security.util.ManifestEntryVerifier::verify (312 bytes)

GC Heap History (10 events):
Event: 30.984 GC heap after
Heap after GC invocations=17 (full 0):
 garbage-first heap   total 262144K, used 143323K [0x00000000c0000000, 0x00000000c0100800, 0x0000000100000000)
  region size 1024K, 2 young (2048K), 2 survivors (2048K)
 Metaspace       used 40913K, capacity 43324K, committed 43520K, reserved 1087488K
  class space    used 4331K, capacity 5074K, committed 5120K, reserved 1048576K
}
Event: 31.663 GC heap before
{Heap before GC invocations=17 (full 0):
 garbage-first heap   total 262144K, used 218075K [0x00000000c0000000, 0x00000000c0100800, 0x0000000100000000)
  region size 1024K, 75 young (76800K), 2 survivors (2048K)
 Metaspace       used 40990K, capacity 43324K, committed 43520K, reserved 1087488K
  class space    used 4334K, capacity 5074K, committed 5120K, reserved 1048576K
Event: 31.673 GC heap after
Heap after GC invocations=18 (full 0):
 garbage-first heap   total 262144K, used 151004K [0x00000000c0000000, 0x00000000c0100800, 0x0000000100000000)
  region size 1024K, 10 young (10240K), 10 survivors (10240K)
 Metaspace       used 40990K, capacity 43324K, committed 43520K, reserved 1087488K
  class space    used 4334K, capacity 5074K, committed 5120K, reserved 1048576K
}
Event: 34387.278 GC heap before
{Heap before GC invocations=18 (full 0):
 garbage-first heap   total 262144K, used 220636K [0x00000000c0000000, 0x00000000c0100800, 0x0000000100000000)
  region size 1024K, 78 young (79872K), 10 survivors (10240K)
 Metaspace       used 41287K, capacity 43644K, committed 43776K, reserved 1087488K
  class space    used 4362K, capacity 5074K, committed 5120K, reserved 1048576K
Event: 34387.453 GC heap after
Heap after GC invocations=19 (full 0):
 garbage-first heap   total 280576K, used 197024K [0x00000000c0000000, 0x00000000c0100890, 0x0000000100000000)
  region size 1024K, 10 young (10240K), 10 survivors (10240K)
 Metaspace       used 41287K, capacity 43644K, committed 43776K, reserved 1087488K
  class space    used 4362K, capacity 5074K, committed 5120K, reserved 1048576K
}
Event: 42203.716 GC heap before
{Heap before GC invocations=20 (full 0):
 garbage-first heap   total 280576K, used 150528K [0x00000000c0000000, 0x00000000c0100890, 0x0000000100000000)
  region size 1024K, 50 young (51200K), 10 survivors (10240K)
 Metaspace       used 41219K, capacity 43484K, committed 43776K, reserved 1087488K
  class space    used 4348K, capacity 5044K, committed 5120K, reserved 1048576K
Event: 42203.851 GC heap after
Heap after GC invocations=21 (full 0):
 garbage-first heap   total 280576K, used 137728K [0x00000000c0000000, 0x00000000c0100890, 0x0000000100000000)
  region size 1024K, 7 young (7168K), 7 survivors (7168K)
 Metaspace       used 41219K, capacity 43484K, committed 43776K, reserved 1087488K
  class space    used 4348K, capacity 5044K, committed 5120K, reserved 1048576K
}
Event: 42908.595 GC heap before
{Heap before GC invocations=21 (full 0):
 garbage-first heap   total 280576K, used 143872K [0x00000000c0000000, 0x00000000c0100890, 0x0000000100000000)
  region size 1024K, 13 young (13312K), 7 survivors (7168K)
 Metaspace       used 41219K, capacity 43484K, committed 43776K, reserved 1087488K
  class space    used 4348K, capacity 5044K, committed 5120K, reserved 1048576K
Event: 42908.618 GC heap after
Heap after GC invocations=22 (full 0):
 garbage-first heap   total 280576K, used 115712K [0x00000000c0000000, 0x00000000c0100890, 0x0000000100000000)
  region size 1024K, 2 young (2048K), 2 survivors (2048K)
 Metaspace       used 41219K, capacity 43484K, committed 43776K, reserved 1087488K
  class space    used 4348K, capacity 5044K, committed 5120K, reserved 1048576K
}
Event: 56935.973 GC heap before
{Heap before GC invocations=22 (full 0):
 garbage-first heap   total 280576K, used 238592K [0x00000000c0000000, 0x00000000c0100890, 0x0000000100000000)
  region size 1024K, 122 young (124928K), 2 survivors (2048K)
 Metaspace       used 41363K, capacity 43644K, committed 44032K, reserved 1087488K
  class space    used 4362K, capacity 5076K, committed 5120K, reserved 1048576K

Deoptimization events (10 events):
Event: 31.435 Thread 0x000000001c987800 Uncommon trap: reason=unstable_if action=reinterpret pc=0x00000000059ed6b8 method=org.eclipse.jdt.internal.core.index.DiskIndex.computeDocumentNames([Ljava/lang/String;[ILorg/eclipse/jdt/internal/compiler/util/SimpleLookupTable;Lorg/eclipse/jdt/internal/c
Event: 31.541 Thread 0x000000001c3aa000 Uncommon trap: reason=unstable_if action=reinterpret pc=0x000000000587bca4 method=java.io.DataOutputStream.writeUTF(Ljava/lang/String;Ljava/io/DataOutput;)I @ 30
Event: 31.560 Thread 0x000000001c3aa000 Uncommon trap: reason=unstable_if action=reinterpret pc=0x0000000004c939e0 method=java.util.HashMap.removeNode(ILjava/lang/Object;Ljava/lang/Object;ZZ)Ljava/util/HashMap$Node; @ 62
Event: 34387.638 Thread 0x000000001a4c2800 Uncommon trap: reason=unstable_if action=reinterpret pc=0x0000000004d5dbb8 method=java.lang.ref.Reference.tryHandlePending(Z)Z @ 20
Event: 56934.866 Thread 0x000000001c9b6000 Uncommon trap: reason=unstable_if action=reinterpret pc=0x000000000571a3b0 method=org.eclipse.jdt.ls.core.internal.ParentProcessWatcher.parentProcessStillRunning()Z @ 111
Event: 56934.887 Thread 0x000000001c9b6000 Uncommon trap: reason=unstable_if action=reinterpret pc=0x00000000050bce08 method=java.util.concurrent.locks.AbstractQueuedSynchronizer.acquireInterruptibly(I)V @ 3
Event: 56934.915 Thread 0x0000000002e6e800 Uncommon trap: reason=unstable_if action=reinterpret pc=0x0000000005237430 method=java.lang.ref.SoftReference.get()Ljava/lang/Object; @ 6
Event: 56934.980 Thread 0x0000000021403800 Uncommon trap: reason=unstable_if action=reinterpret pc=0x0000000004b0fd3c method=java.lang.ref.SoftReference.get()Ljava/lang/Object; @ 6
Event: 56935.971 Thread 0x000000001c3aa000 Uncommon trap: reason=unstable_if action=reinterpret pc=0x00000000050bcdd4 method=java.util.concurrent.locks.AbstractQueuedSynchronizer$ConditionObject.checkInterruptWhileWaiting(Ljava/util/concurrent/locks/AbstractQueuedSynchronizer$Node;)I @ 3
Event: 56935.972 Thread 0x000000001b5ad800 Uncommon trap: reason=unstable_if action=reinterpret pc=0x0000000004a8eda8 method=java.util.concurrent.locks.AbstractQueuedSynchronizer.doReleaseShared()V @ 69

Classes redefined (0 events):
No events

Internal exceptions (10 events):
Event: 30.174 Thread 0x000000001c987800 Implicit null exception at 0x0000000005998a08 to 0x0000000005999af9
Event: 30.174 Thread 0x000000001c987800 Implicit null exception at 0x0000000005794555 to 0x0000000005798155
Event: 30.298 Thread 0x000000001c987800 Implicit null exception at 0x0000000004f7a562 to 0x0000000004f7a695
Event: 30.298 Thread 0x000000001c987800 Implicit null exception at 0x000000000575a436 to 0x000000000575d665
Event: 31.560 Thread 0x000000001c3aa000 Implicit null exception at 0x0000000004c93422 to 0x0000000004c939b9
Event: 56934.915 Thread 0x0000000002e6e800 Implicit null exception at 0x0000000005236991 to 0x0000000005237415
Event: 56934.992 Thread 0x0000000021403800 Exception <a 'sun/nio/fs/WindowsException'> (0x00000000c745ae38) thrown at [C:\Users\jenkins\workspace\openjdk8_build_x86-64_windows\openjdk\hotspot\src\share\vm\prims\jni.cpp, line 709]
Event: 56935.509 Thread 0x0000000021403800 Exception <a 'java/io/FileNotFoundException'> (0x00000000c7471a98) thrown at [C:\Users\jenkins\workspace\openjdk8_build_x86-64_windows\openjdk\hotspot\src\share\vm\prims\jni.cpp, line 709]
Event: 56935.971 Thread 0x000000001c9b5000 Exception <a 'java/lang/InterruptedException'> (0x00000000c727b638) thrown at [C:\Users\jenkins\workspace\openjdk8_build_x86-64_windows\openjdk\hotspot\src\share\vm\runtime\objectMonitor.cpp, line 1684]
Event: 56935.973 Thread 0x000000001b5ae800 Exception <a 'java/lang/InterruptedException'> (0x00000000c72907d0) thrown at [C:\Users\jenkins\workspace\openjdk8_build_x86-64_windows\openjdk\hotspot\src\share\vm\runtime\objectMonitor.cpp, line 1684]

Events (10 events):
Event: 56935.972 Thread 0x000000001b5ad800 DEOPT PACKING pc=0x0000000004a8eda8 sp=0x000000001d86ecb0
Event: 56935.972 Executing VM operation: RevokeBias
Event: 56935.972 Thread 0x000000001b5ad800 DEOPT UNPACKING pc=0x000000000498557b sp=0x000000001d86ec38 mode 2
Event: 56935.972 Executing VM operation: RevokeBias done
Event: 56935.972 Thread 0x000000001b5ad800 Thread exited: 0x000000001b5ad800
Event: 56935.973 Executing VM operation: RevokeBias
Event: 56935.973 Executing VM operation: RevokeBias done
Event: 56935.973 Executing VM operation: RevokeBias
Event: 56935.973 Executing VM operation: RevokeBias done
Event: 56935.973 Executing VM operation: RevokeBias


Dynamic libraries:
0x00007ff6aede0000 - 0x00007ff6aee15000 	C:\Program Files\Unity2017\Editor\2018.3.3f1\Editor\Data\PlaybackEngines\AndroidPlayer\Tools\OpenJDK\Windows\bin\java.exe
0x00007ff8aa7a0000 - 0x00007ff8aa980000 	C:\WINDOWS\SYSTEM32\ntdll.dll
0x00007ff8aa210000 - 0x00007ff8aa2be000 	C:\WINDOWS\System32\KERNEL32.DLL
0x00007ff8a6f30000 - 0x00007ff8a7196000 	C:\WINDOWS\System32\KERNELBASE.dll
0x00007ff8a8310000 - 0x00007ff8a83b1000 	C:\WINDOWS\System32\ADVAPI32.dll
0x00007ff8a8a00000 - 0x00007ff8a8a9d000 	C:\WINDOWS\System32\msvcrt.dll
0x00007ff8a83c0000 - 0x00007ff8a841b000 	C:\WINDOWS\System32\sechost.dll
0x00007ff8aa2c0000 - 0x00007ff8aa3df000 	C:\WINDOWS\System32\RPCRT4.dll
0x00007ff8a8b40000 - 0x00007ff8a8ccf000 	C:\WINDOWS\System32\USER32.dll
0x00007ff8a6ec0000 - 0x00007ff8a6ee0000 	C:\WINDOWS\System32\win32u.dll
0x00007ff8aa1e0000 - 0x00007ff8aa208000 	C:\WINDOWS\System32\GDI32.dll
0x00007ff8a6d20000 - 0x00007ff8a6eb3000 	C:\WINDOWS\System32\gdi32full.dll
0x00007ff8a7a00000 - 0x00007ff8a7a9b000 	C:\WINDOWS\System32\msvcp_win.dll
0x00007ff8a6c20000 - 0x00007ff8a6d15000 	C:\WINDOWS\System32\ucrtbase.dll
0x00007ff88e820000 - 0x00007ff88ea89000 	C:\WINDOWS\WinSxS\amd64_microsoft.windows.common-controls_6595b64144ccf1df_6.0.16299.904_none_15cadeb69362db48\COMCTL32.dll
0x00007ff8a8000000 - 0x00007ff8a8306000 	C:\WINDOWS\System32\combase.dll
0x00007ff8a6ba0000 - 0x00007ff8a6c12000 	C:\WINDOWS\System32\bcryptPrimitives.dll
0x00007ff8aa740000 - 0x00007ff8aa76d000 	C:\WINDOWS\System32\IMM32.DLL
0x0000000067990000 - 0x0000000067a62000 	C:\Program Files\Unity2017\Editor\2018.3.3f1\Editor\Data\PlaybackEngines\AndroidPlayer\Tools\OpenJDK\Windows\jre\bin\msvcr100.dll
0x0000000067140000 - 0x0000000067989000 	C:\Program Files\Unity2017\Editor\2018.3.3f1\Editor\Data\PlaybackEngines\AndroidPlayer\Tools\OpenJDK\Windows\jre\bin\server\jvm.dll
0x00007ff8aa590000 - 0x00007ff8aa598000 	C:\WINDOWS\System32\PSAPI.DLL
0x00007ff8996c0000 - 0x00007ff8996c9000 	C:\WINDOWS\SYSTEM32\WSOCK32.dll
0x00007ff8a4af0000 - 0x00007ff8a4b13000 	C:\WINDOWS\SYSTEM32\WINMM.dll
0x00007ff8aa110000 - 0x00007ff8aa17c000 	C:\WINDOWS\System32\WS2_32.dll
0x00007ff8a4ac0000 - 0x00007ff8a4aea000 	C:\WINDOWS\SYSTEM32\WINMMBASE.dll
0x00007ff89add0000 - 0x00007ff89adda000 	C:\WINDOWS\SYSTEM32\VERSION.dll
0x00007ff8a6ee0000 - 0x00007ff8a6f2a000 	C:\WINDOWS\System32\cfgmgr32.dll
0x00007ff892580000 - 0x00007ff89258f000 	C:\Program Files\Unity2017\Editor\2018.3.3f1\Editor\Data\PlaybackEngines\AndroidPlayer\Tools\OpenJDK\Windows\jre\bin\verify.dll
0x00007ff88f140000 - 0x00007ff88f169000 	C:\Program Files\Unity2017\Editor\2018.3.3f1\Editor\Data\PlaybackEngines\AndroidPlayer\Tools\OpenJDK\Windows\jre\bin\java.dll
0x00007ff890f10000 - 0x00007ff890f26000 	C:\Program Files\Unity2017\Editor\2018.3.3f1\Editor\Data\PlaybackEngines\AndroidPlayer\Tools\OpenJDK\Windows\jre\bin\zip.dll
0x00007ff8a8cd0000 - 0x00007ff8aa108000 	C:\WINDOWS\System32\SHELL32.dll
0x00007ff8a8420000 - 0x00007ff8a84c6000 	C:\WINDOWS\System32\shcore.dll
0x00007ff8a72b0000 - 0x00007ff8a79f7000 	C:\WINDOWS\System32\windows.storage.dll
0x00007ff8aa180000 - 0x00007ff8aa1d1000 	C:\WINDOWS\System32\shlwapi.dll
0x00007ff8a6b10000 - 0x00007ff8a6b21000 	C:\WINDOWS\System32\kernel.appcore.dll
0x00007ff8a6b30000 - 0x00007ff8a6b7c000 	C:\WINDOWS\System32\powrprof.dll
0x00007ff8a6af0000 - 0x00007ff8a6b0b000 	C:\WINDOWS\System32\profapi.dll
0x00007ff8a6540000 - 0x00007ff8a6557000 	C:\WINDOWS\SYSTEM32\CRYPTSP.dll
0x00007ff8a5f20000 - 0x00007ff8a5f53000 	C:\WINDOWS\system32\rsaenh.dll
0x00007ff8a6650000 - 0x00007ff8a6675000 	C:\WINDOWS\SYSTEM32\bcrypt.dll
0x00007ff8a69f0000 - 0x00007ff8a6a19000 	C:\WINDOWS\SYSTEM32\USERENV.dll
0x00007ff8a6560000 - 0x00007ff8a656b000 	C:\WINDOWS\SYSTEM32\CRYPTBASE.dll
0x00007ff88fa70000 - 0x00007ff88fa8a000 	C:\Program Files\Unity2017\Editor\2018.3.3f1\Editor\Data\PlaybackEngines\AndroidPlayer\Tools\OpenJDK\Windows\jre\bin\net.dll
0x00007ff8a6380000 - 0x00007ff8a63e6000 	C:\WINDOWS\system32\mswsock.dll
0x00007ff8a60b0000 - 0x00007ff8a60e9000 	C:\WINDOWS\SYSTEM32\IPHLPAPI.DLL
0x00007ff8a7de0000 - 0x00007ff8a7de8000 	C:\WINDOWS\System32\NSI.dll
0x00007ff89fdf0000 - 0x00007ff89fe06000 	C:\WINDOWS\SYSTEM32\dhcpcsvc6.DLL
0x00007ff8a0660000 - 0x00007ff8a067a000 	C:\WINDOWS\SYSTEM32\dhcpcsvc.DLL
0x00007ff88ee90000 - 0x00007ff88eea1000 	C:\Program Files\Unity2017\Editor\2018.3.3f1\Editor\Data\PlaybackEngines\AndroidPlayer\Tools\OpenJDK\Windows\jre\bin\nio.dll
0x00007ff88eaf0000 - 0x00007ff88eb19000 	C:\Users\Luka Tsulaia\.vscode\extensions\redhat.java-0.38.0\server\config_win\org.eclipse.equinox.launcher\org.eclipse.equinox.launcher.win32.win32.x86_64_1.1.900.v20180922-1751\eclipse_1801.dll
0x00007ff88ee70000 - 0x00007ff88ee81000 	C:\Users\Luka Tsulaia\.vscode\extensions\redhat.java-0.38.0\server\config_win\org.eclipse.osgi\20\0\.cp\jWinHttp-1.0.0.dll
0x00007ff8aa440000 - 0x00007ff8aa589000 	C:\WINDOWS\System32\ole32.dll
0x00007ff8a2f20000 - 0x00007ff8a2fff000 	C:\WINDOWS\SYSTEM32\WINHTTP.dll
0x00007ff8a4f80000 - 0x00007ff8a5008000 	C:\WINDOWS\system32\apphelp.dll
0x00007ff88c1a0000 - 0x00007ff88c1c4000 	C:\Program Files\Unity2017\Editor\2018.3.3f1\Editor\Data\PlaybackEngines\AndroidPlayer\Tools\OpenJDK\Windows\jre\bin\sunec.dll
0x00007ff892570000 - 0x00007ff89257b000 	C:\Program Files\Unity2017\Editor\2018.3.3f1\Editor\Data\PlaybackEngines\AndroidPlayer\Tools\OpenJDK\Windows\jre\bin\sunmscapi.dll
0x00007ff8a7aa0000 - 0x00007ff8a7c6e000 	C:\WINDOWS\System32\CRYPT32.dll
0x00007ff8a6b80000 - 0x00007ff8a6b92000 	C:\WINDOWS\System32\MSASN1.dll
0x00007ff8a60f0000 - 0x00007ff8a61a6000 	C:\WINDOWS\SYSTEM32\DNSAPI.dll
0x00007ff89e550000 - 0x00007ff89e55a000 	C:\Windows\System32\rasadhlp.dll
0x00007ff89e6b0000 - 0x00007ff89e720000 	C:\WINDOWS\System32\fwpuclnt.dll

VM Arguments:
jvm_args: -Declipse.application=org.eclipse.jdt.ls.core.id1 -Dosgi.bundles.defaultStartLevel=4 -Declipse.product=org.eclipse.jdt.ls.core.product -Xverify:none -Xmx1G -XX:+UseG1GC -XX:+UseStringDeduplication 
java_command: C:\Users\Luka Tsulaia\.vscode\extensions\redhat.java-0.38.0\server\plugins\org.eclipse.equinox.launcher_1.5.200.v20180922-1751.jar -configuration C:\Users\Luka Tsulaia\.vscode\extensions\redhat.java-0.38.0\server\config_win -data c:\Users\Luka Tsulaia\AppData\Roaming\Code\User\workspaceStorage\88abdf23ab00ed7039ced45b84492118\redhat.java\jdt_ws
java_class_path (initial): C:\Users\Luka Tsulaia\.vscode\extensions\redhat.java-0.38.0\server\plugins\org.eclipse.equinox.launcher_1.5.200.v20180922-1751.jar
Launcher Type: SUN_STANDARD

Environment Variables:
JAVA_HOME=C:\Program Files\Unity2017\Editor\2018.3.3f1\Editor\Data\PlaybackEngines\AndroidPlayer/Tools\OpenJDK\Windows
CLASSPATH=C:\Program Files\OpenNI\Bin64\org.openni.jar
PATH=C:\Program Files\ImageMagick-7.0.7-Q16;C:\ProgramData\Oracle\Java\javapath;C:\WINDOWS\system32;C:\WINDOWS;C:\WINDOWS\System32\Wbem;C:\WINDOWS\System32\WindowsPowerShell\v1.0\;C:\Program Files (x86)\GtkSharp\2.12\bin;C:\Program Files\Git\cmd;C:\Program Files\Microsoft SQL Server\130\Tools\Binn\;C:\Program Files\dotnet\;C:\Program Files\erl9.0\bin;C:\Program Files (x86)\Elixir\bin;C:\WINDOWS\system32\config\systemprofile\.mix\escripts;C:\Program Files\MiKTeX 2.9\miktex\bin;C:\Program Files\MiKTeX 2.9\miktex\bin\x64\;C:\Program Files\PuTTY\;C:\Program Files\RedHat\java-1.8.0-openjdk-1.8.0.161-1\bin;C:\Program Files\nodejs\;C:\WINDOWS\System32\OpenSSH\;C:\Program Files (x86)\Microsoft SQL Server\100\Tools\Binn\;C:\Program Files (x86)\Microsoft SQL Server\100\DTS\Binn\;C:\Program Files\OpenNI\Bin64;C:\Program Files\Nuitrack\nuitrack\nuitrack\bin;C:\Program Files (x86)\IDEMIA\AWP\Dlls;C:\Program Files\IDEMIA\AWP\Dlls;C:\Users\Luka Tsulaia\AppData\Local\Programs\Python\Python36-32\Scripts\;C:\Users\Luka Tsulaia\AppData\Local\Programs\Python\Python36-32\;C:\Users\Luka Tsulaia\AppData\Local\Microsoft\WindowsApps;C:\Program Files (x86)\Microsoft SDKs\F#\4.1\Framework\v4.0;C:\Program Files\Heroku\bin;C:\Program Files\Microsoft VS Code\bin;C:\Users\Luka Tsulaia\AppData\Roaming\npm;C:\ProgramData\Luka Tsulaia\GitHubDesktop\bin;C:\Users\Luka Tsulaia\AppData\Local\Programs\Microsoft VS Code\bin;C:\Program Files (x86)\Nmap
USERNAME=Luka Tsulaia
OS=Windows_NT
PROCESSOR_IDENTIFIER=Intel64 Family 6 Model 142 Stepping 9, GenuineIntel



---------------  S Y S T E M  ---------------

OS: Windows 10.0 , 64 bit Build 16299 (10.0.16299.431)

CPU:total 4 (initial active 4) (2 cores per cpu, 2 threads per core) family 6 model 142 stepping 9, cmov, cx8, fxsr, mmx, sse, sse2, sse3, ssse3, sse4.1, sse4.2, popcnt, avx, avx2, aes, clmul, erms, 3dnowpref, lzcnt, ht, tsc, tscinvbit, bmi1, bmi2, adx

Memory: 4k page, physical 16653512k(5281904k free), swap 21077012k(5240k free)

vm_info: OpenJDK 64-Bit Server VM (25.71-b00) for windows-amd64 JRE (1.8.0-adoptopenjdk-_2018_05_19_00_59-b00), built on May 19 2018 01:02:12 by "jenkins" with MS VC++ 10.0 (VS2010)

time: Mon Feb 11 23:37:23 2019
elapsed time: 56936 seconds (0d 15h 48m 56s)

